<?xml version="1.0" encoding="UTF-8"?>
<testsuite name="com.adpro.tasc.user.db.UserTest" tests="1" skipped="0" failures="0" errors="0" timestamp="2021-05-07T13:38:53" hostname="Johaness-MacBook-Pro.local" time="0.044">
  <properties/>
  <testcase name="testChangeWorks()" classname="com.adpro.tasc.user.db.UserTest" time="0.044"/>
  <system-out><![CDATA[]]></system-out>
  <system-err><![CDATA[]]></system-err>
</testsuite>
