<?xml version="1.0" encoding="UTF-8"?>
<testsuite name="com.adpro.tasc.user.db.UserTest" tests="1" skipped="0" failures="0" errors="0" timestamp="2021-06-30T13:48:54" hostname="LAPTOP-Q0NSB7L4" time="0.033">
  <properties/>
  <testcase name="testSidAssigned()" classname="com.adpro.tasc.user.db.UserTest" time="0.033"/>
  <system-out><![CDATA[]]></system-out>
  <system-err><![CDATA[]]></system-err>
</testsuite>
