<?xml version="1.0" encoding="UTF-8"?>
<testsuite name="com.adpro.tasc.appointment.db.AppointmentTest" tests="1" skipped="0" failures="0" errors="0" timestamp="2021-05-23T09:08:46" hostname="LAPTOP-Q0NSB7L4" time="0.039">
  <properties/>
  <testcase name="testAppointmentExists()" classname="com.adpro.tasc.appointment.db.AppointmentTest" time="0.039"/>
  <system-out><![CDATA[]]></system-out>
  <system-err><![CDATA[]]></system-err>
</testsuite>
