<?xml version="1.0" encoding="UTF-8"?>
<testsuite name="com.adpro.tasc.TestApp" tests="1" skipped="0" failures="0" errors="0" timestamp="2021-05-09T15:29:52" hostname="Ahmads-MacBook-Pro.local" time="0.562">
  <properties/>
  <testcase name="contextLoads()" classname="com.adpro.tasc.TestApp" time="0.562"/>
  <system-out><![CDATA[2021-05-09 22:29:47,855 Test worker ERROR Unable to locate appender "LogErrorsToFile" for logger config "root"
2021-05-09 22:29:47,862 Test worker ERROR Unable to locate appender "LogErrorsToFile" for logger config "com.adpro.tasc"
?[30m2021-05-09T22:29:48,107?[m ?[32mINFO  ?[m[?[1;34mTest worker?[m] ?[1;33mo.s.b.t.c.SpringBootTestContextBootstrapper?[m: Neither @ContextConfiguration nor @ContextHierarchy found for test class [com.adpro.tasc.TestApp], using SpringBootContextLoader
?[30m2021-05-09T22:29:48,121?[m ?[32mINFO  ?[m[?[1;34mTest worker?[m] ?[1;33mo.s.t.c.s.AbstractContextLoader?[m: Could not detect default resource locations for test class [com.adpro.tasc.TestApp]: no resource found for suffixes {-context.xml, Context.groovy}.
?[30m2021-05-09T22:29:48,122?[m ?[32mINFO  ?[m[?[1;34mTest worker?[m] ?[1;33mo.s.t.c.s.AnnotationConfigContextLoaderUtils?[m: Could not detect default configuration classes for test class [com.adpro.tasc.TestApp]: TestApp does not declare any static, non-private, non-final, nested classes annotated with @Configuration.
?[30m2021-05-09T22:29:48,314?[m ?[32mINFO  ?[m[?[1;34mTest worker?[m] ?[1;33mo.s.b.t.c.SpringBootTestContextBootstrapper?[m: Found @SpringBootConfiguration com.adpro.tasc.TASCApp for test class com.adpro.tasc.TestApp
?[30m2021-05-09T22:29:48,501?[m ?[32mINFO  ?[m[?[1;34mTest worker?[m] ?[1;33mo.s.b.t.c.SpringBootTestContextBootstrapper?[m: Loaded default TestExecutionListener class names from location [META-INF/spring.factories]: [org.springframework.boot.test.autoconfigure.restdocs.RestDocsTestExecutionListener, org.springframework.boot.test.autoconfigure.web.client.MockRestServiceServerResetTestExecutionListener, org.springframework.boot.test.autoconfigure.web.servlet.MockMvcPrintOnlyOnFailureTestExecutionListener, org.springframework.boot.test.autoconfigure.web.servlet.WebDriverTestExecutionListener, org.springframework.boot.test.autoconfigure.webservices.client.MockWebServiceServerTestExecutionListener, org.springframework.boot.test.mock.mockito.MockitoTestExecutionListener, org.springframework.boot.test.mock.mockito.ResetMocksTestExecutionListener, org.springframework.test.context.web.ServletTestExecutionListener, org.springframework.test.context.support.DirtiesContextBeforeModesTestExecutionListener, org.springframework.test.context.event.ApplicationEventsTestExecutionListener, org.springframework.test.context.support.DependencyInjectionTestExecutionListener, org.springframework.test.context.support.DirtiesContextTestExecutionListener, org.springframework.test.context.transaction.TransactionalTestExecutionListener, org.springframework.test.context.jdbc.SqlScriptsTestExecutionListener, org.springframework.test.context.event.EventPublishingTestExecutionListener]
?[30m2021-05-09T22:29:48,544?[m ?[32mINFO  ?[m[?[1;34mTest worker?[m] ?[1;33mo.s.b.t.c.SpringBootTestContextBootstrapper?[m: Using TestExecutionListeners: [org.springframework.test.context.web.ServletTestExecutionListener@7aa37c82, org.springframework.test.context.support.DirtiesContextBeforeModesTestExecutionListener@1453dea6, org.springframework.test.context.event.ApplicationEventsTestExecutionListener@65c301e, org.springframework.boot.test.mock.mockito.MockitoTestExecutionListener@1fceb38, org.springframework.boot.test.autoconfigure.SpringBootDependencyInjectionTestExecutionListener@605ad0e9, org.springframework.test.context.support.DirtiesContextTestExecutionListener@6a7694aa, org.springframework.test.context.transaction.TransactionalTestExecutionListener@d4d953a, org.springframework.test.context.jdbc.SqlScriptsTestExecutionListener@6b8e1a80, org.springframework.test.context.event.EventPublishingTestExecutionListener@5de55280, org.springframework.boot.test.autoconfigure.restdocs.RestDocsTestExecutionListener@3685e52, org.springframework.boot.test.autoconfigure.web.client.MockRestServiceServerResetTestExecutionListener@62edef40, org.springframework.boot.test.autoconfigure.web.servlet.MockMvcPrintOnlyOnFailureTestExecutionListener@79acb387, org.springframework.boot.test.autoconfigure.web.servlet.WebDriverTestExecutionListener@e2a8f60, org.springframework.boot.test.autoconfigure.webservices.client.MockWebServiceServerTestExecutionListener@4f71da39, org.springframework.boot.test.mock.mockito.ResetMocksTestExecutionListener@426bbb78]
2021-05-09 22:29:48,913 Test worker ERROR Unable to locate appender "LogErrorsToFile" for logger config "root"
2021-05-09 22:29:48,913 Test worker ERROR Unable to locate appender "LogErrorsToFile" for logger config "com.adpro.tasc"

  .   ____          _            __ _ _
 /\\ / ___'_ __ _ _(_)_ __  __ _ \ \ \ \
( ( )\___ | '_ | '_| | '_ \/ _` | \ \ \ \
 \\/  ___)| |_)| | | | | || (_| |  ) ) ) )
  '  |____| .__|_| |_|_| |_\__, | / / / /
 =========|_|==============|___/=/_/_/_/
 :: Spring Boot ::                (v2.4.4)

?[30m2021-05-09T22:29:49,097?[m ?[32mINFO  ?[m[?[1;34mTest worker?[m] ?[1;33mc.a.t.TestApp?[m: Starting TestApp using Java 15.0.2 on Ahmads-MacBook-Pro.local with PID 78257 (started by alifyandra in /Users/alifyandra/Documents/SEM4/AdProg/ga/tasc-raja-singa)
?[30m2021-05-09T22:29:49,106?[m ?[32mINFO  ?[m[?[1;34mTest worker?[m] ?[1;33mc.a.t.TestApp?[m: No active profile set, falling back to default profiles: default
?[30m2021-05-09T22:29:51,722?[m ?[32mINFO  ?[m[?[1;34mTest worker?[m] ?[1;33mo.s.s.c.ThreadPoolTaskExecutor?[m: Initializing ExecutorService 'applicationTaskExecutor'
?[30m2021-05-09T22:29:52,379?[m ?[32mINFO  ?[m[?[1;34mTest worker?[m] ?[1;33mo.s.b.a.e.w.EndpointLinksResolver?[m: Exposing 2 endpoint(s) beneath base path '/actuator'
?[30m2021-05-09T22:29:52,451?[m ?[32mINFO  ?[m[?[1;34mTest worker?[m] ?[1;33mc.a.t.TestApp?[m: Started TestApp in 3.83 seconds (JVM running for 7.001)
]]></system-out>
  <system-err><![CDATA[]]></system-err>
</testsuite>
